<?xml version="1.0" encoding="UTF-8"?>
<testsuites name="HRMTestSuite" time="29" tests="0" failures="1" errors="0">
   <testsuite name="HRMTestSuite" tests="0" failures="1" errors="0" time="29" timestamp="2018-01-02 17:25:36" hostname="ENguli - LTTECH1550.safaricom.net" id="Test Suites/HRMTestSuite">
      <properties>
         <property name="deviceName" value=""/>
         <property name="devicePlatform" value=""/>
         <property name="logFolder" value="C:\\Users\\enguli\\git\\KatalonStudioTestRepo\\Reports\\HRMTestSuite\\20180102_172533"/>
         <property name="logFiles" value="C:\\Users\\enguli\\git\\KatalonStudioTestRepo\\Reports\\HRMTestSuite\\20180102_172533\\execution0.log"/>
         <property name="attachments" value="C:\\Users\\enguli\\git\\KatalonStudioTestRepo\\Reports\\HRMTestSuite\\20180102_172533\\1514903161870.png, C:\\Users\\enguli\\git\\KatalonStudioTestRepo\\Reports\\HRMTestSuite\\20180102_172533\\1514903163811.png"/>
         <property name="hostName" value="ENguli - LTTECH1550.safaricom.net"/>
         <property name="os" value="Windows 7 64bit"/>
         <property name="katalonVersion" value="5.2.0.1"/>
         <property name="browser" value="Chrome 63.0.3239.84"/>
         <property name="hostAddress" value="192.168.43.131"/>
         <property name="sessionId" value="91b40829a7b4304dfc9ba309d00071bc"/>
         <property name="seleniumVersion" value="3.7.1"/>
         <property name="proxyInformation" value="ProxyInformation{proxyOption=NO_PROXY, proxyServerType=, password=, proxyServerAddress=, proxyServerPort=0}"/>
         <property name="platform" value="Windows 7"/>
      </properties>
      <testcase name="Test Cases/HRM_Login" classname="Test Cases/HRM_Login" status="FAILED">
         <failure type="FAILED" message="Verify element text of test object 'Object Repository/Page_OrangeHRM/span_Invalid credentials' FAILED. (Root cause: Actual text 'Invalid credentials' and expected text 'Invalid credentialsss' of test object 'Object Repository/Page_OrangeHRM/span_Invalid credentials' are NOT matched.)"/>
         <system-out><![CDATA[2018-01-02 17:25:36 - [TEST_CASE][FAILED] - Test Cases/HRM_Login: Test Cases/HRM_Login FAILED because (of) Verify element text of test object 'Object Repository/Page_OrangeHRM/span_Invalid credentials' FAILED. (Root cause: Actual text 'Invalid credentials' and expected text 'Invalid credentialsss' of test object 'Object Repository/Page_OrangeHRM/span_Invalid credentials' are NOT matched.)

2018-01-02 17:25:37 - [TEST_STEP][PASSED] - openBrowser: Browser is opened with url: ''

2018-01-02 17:25:46 - [MESSAGE][PASSED] - Browser is opened with url: ''

2018-01-02 17:25:46 - [TEST_STEP][PASSED] - navigateToUrl: Navigate to 'http://opensource.demo.orangehrmlive.com/' successfully

2018-01-02 17:25:59 - [MESSAGE][PASSED] - Navigate to 'http://opensource.demo.orangehrmlive.com/' successfully

2018-01-02 17:25:59 - [TEST_STEP][PASSED] - click: Object: 'Object Repository/Page_OrangeHRM/span_Username' is clicked on

2018-01-02 17:25:59 - [MESSAGE][PASSED] - Object: 'Object Repository/Page_OrangeHRM/span_Username' is clicked on

2018-01-02 17:25:59 - [TEST_STEP][PASSED] - setText: Text 'test' is set on object 'Object Repository/Page_OrangeHRM/input_txtUsername'

2018-01-02 17:25:59 - [MESSAGE][PASSED] - Text 'test' is set on object 'Object Repository/Page_OrangeHRM/input_txtUsername'

2018-01-02 17:25:59 - [TEST_STEP][PASSED] - setText: Text 'test' is set on object 'Object Repository/Page_OrangeHRM/input_txtPassword'

2018-01-02 17:26:00 - [MESSAGE][PASSED] - Text 'test' is set on object 'Object Repository/Page_OrangeHRM/input_txtPassword'

2018-01-02 17:26:00 - [TEST_STEP][PASSED] - click: Object: 'Object Repository/Page_OrangeHRM/input_Submit' is clicked on

2018-01-02 17:26:01 - [MESSAGE][PASSED] - Object: 'Object Repository/Page_OrangeHRM/input_Submit' is clicked on

2018-01-02 17:26:01 - [TEST_STEP][PASSED] - click: Object: 'Object Repository/Page_OrangeHRM/span_Invalid credentials' is clicked on

2018-01-02 17:26:01 - [MESSAGE][PASSED] - Object: 'Object Repository/Page_OrangeHRM/span_Invalid credentials' is clicked on

2018-01-02 17:26:01 - [TEST_STEP][PASSED] - verifyElementPresent: Object 'Object Repository/Page_OrangeHRM/span_Invalid credentials' is present

2018-01-02 17:26:01 - [MESSAGE][WARNING] - Timeout '0' is invalid. Using default page load timeout: '30'

2018-01-02 17:26:01 - [MESSAGE][PASSED] - Object 'Object Repository/Page_OrangeHRM/span_Invalid credentials' is present

2018-01-02 17:26:01 - [TEST_STEP][FAILED] - verifyElementText: Verify element text of test object 'Object Repository/Page_OrangeHRM/span_Invalid credentials' FAILED. (Root cause: Actual text 'Invalid credentials' and expected text 'Invalid credentialsss' of test object 'Object Repository/Page_OrangeHRM/span_Invalid credentials' are NOT matched.)

2018-01-02 17:26:03 - [MESSAGE][FAILED] - Actual text 'Invalid credentials' and expected text 'Invalid credentialsss' of test object 'Object Repository/Page_OrangeHRM/span_Invalid credentials' are NOT matched.
[[ATTACHMENT|C:\\Users\\enguli\\git\\KatalonStudioTestRepo\\Reports\\HRMTestSuite\\20180102_172533\\1514903161870.png]]

2018-01-02 17:26:04 - [MESSAGE][FAILED] - Verify element text of test object 'Object Repository/Page_OrangeHRM/span_Invalid credentials' FAILED. (Root cause: Actual text 'Invalid credentials' and expected text 'Invalid credentialsss' of test object 'Object Repository/Page_OrangeHRM/span_Invalid credentials' are NOT matched.)
[[ATTACHMENT|C:\\Users\\enguli\\git\\KatalonStudioTestRepo\\Reports\\HRMTestSuite\\20180102_172533\\1514903163811.png]]]]></system-out>
         <system-err><![CDATA[2018-01-02 17:25:36 - [TEST_CASE][FAILED] - Test Cases/HRM_Login: Test Cases/HRM_Login FAILED because (of) Verify element text of test object 'Object Repository/Page_OrangeHRM/span_Invalid credentials' FAILED. (Root cause: Actual text 'Invalid credentials' and expected text 'Invalid credentialsss' of test object 'Object Repository/Page_OrangeHRM/span_Invalid credentials' are NOT matched.)]]></system-err>
      </testcase>
      <system-out><![CDATA[2018-01-02 17:25:36 - [TEST_SUITE][FAILED] - HRMTestSuite: Test Cases/HRM_Login FAILED because (of) Verify element text of test object 'Object Repository/Page_OrangeHRM/span_Invalid credentials' FAILED. (Root cause: Actual text 'Invalid credentials' and expected text 'Invalid credentialsss' of test object 'Object Repository/Page_OrangeHRM/span_Invalid credentials' are NOT matched.)]]></system-out>
      <system-err><![CDATA[2018-01-02 17:25:36 - [TEST_SUITE][FAILED] - HRMTestSuite: Test Cases/HRM_Login FAILED because (of) Verify element text of test object 'Object Repository/Page_OrangeHRM/span_Invalid credentials' FAILED. (Root cause: Actual text 'Invalid credentials' and expected text 'Invalid credentialsss' of test object 'Object Repository/Page_OrangeHRM/span_Invalid credentials' are NOT matched.)]]></system-err>
   </testsuite>
</testsuites>
